Using pre-set license
Built from '2020.3/release' branch; Version is '2020.3.7f1 (dd97f2c94397) revision 14522354'; Using compiler version '192528614'; Build Type 'Release'
OS: 'Windows 10 Home Single Language; OS build 22000.675; Version 2009; 64bit' Language: 'en' Physical Memory: 7616 MB
BatchMode: 1, IsHumanControllingUs: 0, StartBugReporterOnCrash: 0, Is64bit: 1, IsPro: 0

 COMMAND LINE ARGUMENTS:
C:\Program Files\Unity\Hub\Editor\2020.3.7f1\Editor\Unity.exe
-adb2
-batchMode
-noUpm
-name
AssetImportWorker0
-projectPath
D:/Unity/Unity_Projects/Snake_Game/Snake-Game/Snake_Game_2D
-logFile
Logs/AssetImportWorker0.log
-srvPort
51619
Successfully changed project path to: D:/Unity/Unity_Projects/Snake_Game/Snake-Game/Snake_Game_2D
D:/Unity/Unity_Projects/Snake_Game/Snake-Game/Snake_Game_2D
Using Asset Import Pipeline V2.
Refreshing native plugins compatible for Editor in 55.97 ms, found 1 plugins.
Preloading 0 native plugins for Editor in 0.00 ms.
Initialize engine version: 2020.3.7f1 (dd97f2c94397)
[Subsystems] Discovering subsystems at path C:/Program Files/Unity/Hub/Editor/2020.3.7f1/Editor/Data/Resources/UnitySubsystems
[Subsystems] Discovering subsystems at path D:/Unity/Unity_Projects/Snake_Game/Snake-Game/Snake_Game_2D/Assets
GfxDevice: creating device client; threaded=0
Direct3D:
    Version:  Direct3D 11.0 [level 11.1]
    Renderer: NVIDIA GeForce GTX 1650 (ID=0x1f91)
    Vendor:   
    VRAM:     3962 MB
    Driver:   30.0.15.1259
Initialize mono
Mono path[0] = 'C:/Program Files/Unity/Hub/Editor/2020.3.7f1/Editor/Data/Managed'
Mono path[1] = 'C:/Program Files/Unity/Hub/Editor/2020.3.7f1/Editor/Data/MonoBleedingEdge/lib/mono/unityjit'
Mono config path = 'C:/Program Files/Unity/Hub/Editor/2020.3.7f1/Editor/Data/MonoBleedingEdge/etc'
Using monoOptions --debugger-agent=transport=dt_socket,embedding=1,server=y,suspend=n,address=127.0.0.1:56092
Begin MonoManager ReloadAssembly
Registering precompiled unity dll's ...
Register platform support module: C:/Program Files/Unity/Hub/Editor/2020.3.7f1/Editor/Data/PlaybackEngines/WebGLSupport/UnityEditor.WebGL.Extensions.dll
Register platform support module: C:/Program Files/Unity/Hub/Editor/2020.3.7f1/Editor/Data/PlaybackEngines/MacStandaloneSupport/UnityEditor.OSXStandalone.Extensions.dll
Register platform support module: C:/Program Files/Unity/Hub/Editor/2020.3.7f1/Editor/Data/PlaybackEngines/WindowsStandaloneSupport/UnityEditor.WindowsStandalone.Extensions.dll
Registered in 0.005489 seconds.
Native extension for WindowsStandalone target not found
Native extension for OSXStandalone target not found
Native extension for WebGL target not found
Refreshing native plugins compatible for Editor in 88.11 ms, found 1 plugins.
Preloading 0 native plugins for Editor in 0.00 ms.
Mono: successfully reloaded assembly
- Completed reload, in  5.845 seconds
Platform modules already initialized, skipping
Registering precompiled user dll's ...
Registered in 0.001305 seconds.
Begin MonoManager ReloadAssembly
Native extension for WindowsStandalone target not found
Native extension for OSXStandalone target not found
Native extension for WebGL target not found
Refreshing native plugins compatible for Editor in 135.49 ms, found 1 plugins.
Preloading 0 native plugins for Editor in 0.00 ms.
Mono: successfully reloaded assembly
- Completed reload, in  1.868 seconds
Platform modules already initialized, skipping
========================================================================
Worker process is ready to serve import requests
Launched and connected shader compiler UnityShaderCompiler.exe after 0.08 seconds
Refreshing native plugins compatible for Editor in 1.02 ms, found 1 plugins.
Preloading 0 native plugins for Editor in 0.00 ms.
Unloading 1814 Unused Serialized files (Serialized files now loaded: 0)
System memory in use before: 85.4 MB.
System memory in use after: 85.4 MB.

Unloading 24 unused Assets to reduce memory usage. Loaded Objects now: 2258.
Total: 4.194400 ms (FindLiveObjects: 0.352300 ms CreateObjectMapping: 0.097800 ms MarkObjects: 3.550800 ms  DeleteObjects: 0.191400 ms)

========================================================================
Received Import Request.
  path: Assets/Scripts/Snake2Ctrl.cs
  artifactKey: Guid(76387683d0934d54faffcee7da479d88) Importer(815301076,1909f56bfc062723c751e8b465ee728b)
Start importing Assets/Scripts/Snake2Ctrl.cs using Guid(76387683d0934d54faffcee7da479d88) Importer(815301076,1909f56bfc062723c751e8b465ee728b)  -> (artifact id: 'c15caba69d61b9912b45cce682c48d92') in 0.045223 seconds
  Import took 0.049588 seconds .

========================================================================
Received Import Request.
  Time since last request: 0.000283 seconds.
  path: Assets/Scenes/1Player.unity
  artifactKey: Guid(2cda990e2423bbf4892e6590ba056729) Importer(815301076,1909f56bfc062723c751e8b465ee728b)
Start importing Assets/Scenes/1Player.unity using Guid(2cda990e2423bbf4892e6590ba056729) Importer(815301076,1909f56bfc062723c751e8b465ee728b)  -> (artifact id: 'd32f09b1472435cfcdccaa093688c612') in 0.015462 seconds
  Import took 0.018850 seconds .

========================================================================
Received Import Request.
  Time since last request: 47.739851 seconds.
  path: Assets/Scripts/Snake2Ctrl.cs
  artifactKey: Guid(76387683d0934d54faffcee7da479d88) Importer(815301076,1909f56bfc062723c751e8b465ee728b)
Start importing Assets/Scripts/Snake2Ctrl.cs using Guid(76387683d0934d54faffcee7da479d88) Importer(815301076,1909f56bfc062723c751e8b465ee728b)  -> (artifact id: '7d1bd148165877f42c43d447467b40f1') in 0.017060 seconds
  Import took 0.023415 seconds .

========================================================================
Received Import Request.
  Time since last request: 0.010011 seconds.
  path: Assets/Scripts/Snake2Ctrl.cs
  artifactKey: Guid(76387683d0934d54faffcee7da479d88) Importer(815301076,1909f56bfc062723c751e8b465ee728b)
Start importing Assets/Scripts/Snake2Ctrl.cs using Guid(76387683d0934d54faffcee7da479d88) Importer(815301076,1909f56bfc062723c751e8b465ee728b)  -> (artifact id: '7d1bd148165877f42c43d447467b40f1') in 0.010707 seconds
  Import took 0.015932 seconds .

========================================================================
Received Prepare
Registering precompiled user dll's ...
Registered in 0.001618 seconds.
Begin MonoManager ReloadAssembly
Native extension for WindowsStandalone target not found
Native extension for OSXStandalone target not found
Native extension for WebGL target not found
Refreshing native plugins compatible for Editor in 0.87 ms, found 1 plugins.
Preloading 0 native plugins for Editor in 0.00 ms.
Mono: successfully reloaded assembly
- Completed reload, in  2.634 seconds
Platform modules already initialized, skipping
Refreshing native plugins compatible for Editor in 1.30 ms, found 1 plugins.
Preloading 0 native plugins for Editor in 0.00 ms.
Unloading 1809 Unused Serialized files (Serialized files now loaded: 0)
System memory in use before: 85.4 MB.
System memory in use after: 85.4 MB.

Unloading 12 unused Assets to reduce memory usage. Loaded Objects now: 2262.
Total: 38.463400 ms (FindLiveObjects: 1.523700 ms CreateObjectMapping: 0.167500 ms MarkObjects: 35.689900 ms  DeleteObjects: 1.069200 ms)

========================================================================
Received Import Request.
  Time since last request: 63.721802 seconds.
  path: Assets/Scenes/2Player.unity
  artifactKey: Guid(fd5b1f4cad0005a4f94704b26b3b8aef) Importer(815301076,1909f56bfc062723c751e8b465ee728b)
Start importing Assets/Scenes/2Player.unity using Guid(fd5b1f4cad0005a4f94704b26b3b8aef) Importer(815301076,1909f56bfc062723c751e8b465ee728b)  -> (artifact id: '843ce492c387e854be3ffa73dd7dc028') in 0.037438 seconds
  Import took 0.045159 seconds .

========================================================================
Received Prepare
Registering precompiled user dll's ...
Registered in 0.001132 seconds.
Begin MonoManager ReloadAssembly
Native extension for WindowsStandalone target not found
Native extension for OSXStandalone target not found
Native extension for WebGL target not found
Refreshing native plugins compatible for Editor in 0.96 ms, found 1 plugins.
Preloading 0 native plugins for Editor in 0.00 ms.
Mono: successfully reloaded assembly
- Completed reload, in  2.023 seconds
Platform modules already initialized, skipping
Refreshing native plugins compatible for Editor in 1.34 ms, found 1 plugins.
Preloading 0 native plugins for Editor in 0.00 ms.
Unloading 1809 Unused Serialized files (Serialized files now loaded: 0)
System memory in use before: 85.4 MB.
System memory in use after: 85.4 MB.

Unloading 12 unused Assets to reduce memory usage. Loaded Objects now: 2266.
Total: 9.813200 ms (FindLiveObjects: 2.605500 ms CreateObjectMapping: 0.338400 ms MarkObjects: 6.566100 ms  DeleteObjects: 0.296400 ms)

========================================================================
Received Prepare
Registering precompiled user dll's ...
Registered in 0.001092 seconds.
Begin MonoManager ReloadAssembly
Native extension for WindowsStandalone target not found
Native extension for OSXStandalone target not found
Native extension for WebGL target not found
Refreshing native plugins compatible for Editor in 0.52 ms, found 1 plugins.
Preloading 0 native plugins for Editor in 0.00 ms.
Mono: successfully reloaded assembly
- Completed reload, in  2.060 seconds
Platform modules already initialized, skipping
Refreshing native plugins compatible for Editor in 0.85 ms, found 1 plugins.
Preloading 0 native plugins for Editor in 0.00 ms.
Unloading 1809 Unused Serialized files (Serialized files now loaded: 0)
System memory in use before: 85.5 MB.
System memory in use after: 85.4 MB.

Unloading 12 unused Assets to reduce memory usage. Loaded Objects now: 2270.
Total: 3.352900 ms (FindLiveObjects: 0.194100 ms CreateObjectMapping: 0.053400 ms MarkObjects: 2.929100 ms  DeleteObjects: 0.174400 ms)

========================================================================
Received Prepare
Registering precompiled user dll's ...
Registered in 0.001571 seconds.
Begin MonoManager ReloadAssembly
Native extension for WindowsStandalone target not found
Native extension for OSXStandalone target not found
Native extension for WebGL target not found
Refreshing native plugins compatible for Editor in 1.14 ms, found 1 plugins.
Preloading 0 native plugins for Editor in 0.00 ms.
Mono: successfully reloaded assembly
- Completed reload, in  2.545 seconds
Platform modules already initialized, skipping
Refreshing native plugins compatible for Editor in 2.07 ms, found 1 plugins.
Preloading 0 native plugins for Editor in 0.00 ms.
Unloading 1809 Unused Serialized files (Serialized files now loaded: 0)
System memory in use before: 85.5 MB.
System memory in use after: 85.4 MB.

Unloading 12 unused Assets to reduce memory usage. Loaded Objects now: 2274.
Total: 6.759400 ms (FindLiveObjects: 0.464900 ms CreateObjectMapping: 0.211200 ms MarkObjects: 5.685100 ms  DeleteObjects: 0.395000 ms)

========================================================================
Received Prepare
Registering precompiled user dll's ...
Registered in 0.001790 seconds.
Begin MonoManager ReloadAssembly
Native extension for WindowsStandalone target not found
Native extension for OSXStandalone target not found
Native extension for WebGL target not found
Refreshing native plugins compatible for Editor in 0.73 ms, found 1 plugins.
Preloading 0 native plugins for Editor in 0.00 ms.
Mono: successfully reloaded assembly
- Completed reload, in  2.291 seconds
Platform modules already initialized, skipping
Refreshing native plugins compatible for Editor in 0.51 ms, found 1 plugins.
Preloading 0 native plugins for Editor in 0.00 ms.
Unloading 1809 Unused Serialized files (Serialized files now loaded: 0)
System memory in use before: 85.5 MB.
System memory in use after: 85.5 MB.

Unloading 12 unused Assets to reduce memory usage. Loaded Objects now: 2278.
Total: 3.460000 ms (FindLiveObjects: 0.425100 ms CreateObjectMapping: 0.123900 ms MarkObjects: 2.733700 ms  DeleteObjects: 0.174900 ms)

========================================================================
Received Prepare
Registering precompiled user dll's ...
Registered in 0.001969 seconds.
Begin MonoManager ReloadAssembly
Native extension for WindowsStandalone target not found
Native extension for OSXStandalone target not found
Native extension for WebGL target not found
Refreshing native plugins compatible for Editor in 1.17 ms, found 1 plugins.
Preloading 0 native plugins for Editor in 0.00 ms.
Mono: successfully reloaded assembly
- Completed reload, in  2.103 seconds
Platform modules already initialized, skipping
Refreshing native plugins compatible for Editor in 0.55 ms, found 1 plugins.
Preloading 0 native plugins for Editor in 0.00 ms.
Unloading 1809 Unused Serialized files (Serialized files now loaded: 0)
System memory in use before: 85.5 MB.
System memory in use after: 85.5 MB.

Unloading 12 unused Assets to reduce memory usage. Loaded Objects now: 2282.
Total: 3.111100 ms (FindLiveObjects: 0.305100 ms CreateObjectMapping: 0.069600 ms MarkObjects: 2.575900 ms  DeleteObjects: 0.158000 ms)

========================================================================
Received Import Request.
  Time since last request: 391.045451 seconds.
  path: Assets/Scenes/Instructions.unity
  artifactKey: Guid(d2e4b0d499b21514885e68ba1f39527b) Importer(815301076,1909f56bfc062723c751e8b465ee728b)
Start importing Assets/Scenes/Instructions.unity using Guid(d2e4b0d499b21514885e68ba1f39527b) Importer(815301076,1909f56bfc062723c751e8b465ee728b)  -> (artifact id: '99e49ff6f9e03fbb59241dcde94e5240') in 0.036457 seconds
  Import took 0.048230 seconds .

========================================================================
Received Prepare
Refreshing native plugins compatible for Editor in 2.33 ms, found 1 plugins.
Preloading 0 native plugins for Editor in 0.00 ms.
Unloading 10 Unused Serialized files (Serialized files now loaded: 0)
System memory in use before: 49.9 MB.
System memory in use after: 49.9 MB.

Unloading 10 unused Assets to reduce memory usage. Loaded Objects now: 2282.
Total: 3.864300 ms (FindLiveObjects: 0.288300 ms CreateObjectMapping: 0.095000 ms MarkObjects: 3.305900 ms  DeleteObjects: 0.172600 ms)

========================================================================
Received Prepare
Refreshing native plugins compatible for Editor in 2.74 ms, found 1 plugins.
Preloading 0 native plugins for Editor in 0.00 ms.
Unloading 10 Unused Serialized files (Serialized files now loaded: 0)
System memory in use before: 49.9 MB.
System memory in use after: 49.9 MB.

Unloading 10 unused Assets to reduce memory usage. Loaded Objects now: 2282.
Total: 12.459100 ms (FindLiveObjects: 0.879500 ms CreateObjectMapping: 0.328000 ms MarkObjects: 10.984600 ms  DeleteObjects: 0.264100 ms)

========================================================================
Received Prepare
Registering precompiled user dll's ...
Registered in 0.001210 seconds.
Begin MonoManager ReloadAssembly
Native extension for WindowsStandalone target not found
Native extension for OSXStandalone target not found
Native extension for WebGL target not found
Refreshing native plugins compatible for Editor in 0.57 ms, found 1 plugins.
Preloading 0 native plugins for Editor in 0.00 ms.
Mono: successfully reloaded assembly
- Completed reload, in  1.748 seconds
Platform modules already initialized, skipping
Refreshing native plugins compatible for Editor in 5.99 ms, found 1 plugins.
Preloading 0 native plugins for Editor in 0.00 ms.
Unloading 1809 Unused Serialized files (Serialized files now loaded: 0)
System memory in use before: 85.5 MB.
System memory in use after: 85.5 MB.

Unloading 12 unused Assets to reduce memory usage. Loaded Objects now: 2286.
Total: 3.969200 ms (FindLiveObjects: 0.435600 ms CreateObjectMapping: 0.105000 ms MarkObjects: 3.259800 ms  DeleteObjects: 0.166900 ms)

========================================================================
Received Prepare
Registering precompiled user dll's ...
Registered in 0.001910 seconds.
Begin MonoManager ReloadAssembly
Native extension for WindowsStandalone target not found
Native extension for OSXStandalone target not found
Native extension for WebGL target not found
Refreshing native plugins compatible for Editor in 0.60 ms, found 1 plugins.
Preloading 0 native plugins for Editor in 0.00 ms.
Mono: successfully reloaded assembly
- Completed reload, in  2.021 seconds
Platform modules already initialized, skipping
Refreshing native plugins compatible for Editor in 1.00 ms, found 1 plugins.
Preloading 0 native plugins for Editor in 0.00 ms.
Unloading 1809 Unused Serialized files (Serialized files now loaded: 0)
System memory in use before: 85.5 MB.
System memory in use after: 85.5 MB.

Unloading 12 unused Assets to reduce memory usage. Loaded Objects now: 2290.
Total: 3.847300 ms (FindLiveObjects: 0.337700 ms CreateObjectMapping: 0.061200 ms MarkObjects: 3.273800 ms  DeleteObjects: 0.172500 ms)

========================================================================
Received Prepare
Refreshing native plugins compatible for Editor in 66.83 ms, found 1 plugins.
Preloading 0 native plugins for Editor in 0.00 ms.
Unloading 10 Unused Serialized files (Serialized files now loaded: 0)
System memory in use before: 50.0 MB.
System memory in use after: 49.9 MB.

Unloading 10 unused Assets to reduce memory usage. Loaded Objects now: 2290.
Total: 3.678900 ms (FindLiveObjects: 0.399500 ms CreateObjectMapping: 0.068200 ms MarkObjects: 3.031900 ms  DeleteObjects: 0.177000 ms)

========================================================================
Received Import Request.
  Time since last request: 1112.754897 seconds.
  path: Assets/Scripts/UIManager.cs
  artifactKey: Guid(e5851d7460776a240a75b4434772e410) Importer(815301076,1909f56bfc062723c751e8b465ee728b)
Start importing Assets/Scripts/UIManager.cs using Guid(e5851d7460776a240a75b4434772e410) Importer(815301076,1909f56bfc062723c751e8b465ee728b)  -> (artifact id: 'abf6593ddab99be60f9039fde9e6dd0d') in 0.014142 seconds
  Import took 0.019448 seconds .

========================================================================
Received Prepare
Registering precompiled user dll's ...
Registered in 0.001101 seconds.
Begin MonoManager ReloadAssembly
Native extension for WindowsStandalone target not found
Native extension for OSXStandalone target not found
Native extension for WebGL target not found
Refreshing native plugins compatible for Editor in 0.86 ms, found 1 plugins.
Preloading 0 native plugins for Editor in 0.00 ms.
Mono: successfully reloaded assembly
- Completed reload, in  2.024 seconds
Platform modules already initialized, skipping
Refreshing native plugins compatible for Editor in 0.74 ms, found 1 plugins.
Preloading 0 native plugins for Editor in 0.00 ms.
Unloading 1809 Unused Serialized files (Serialized files now loaded: 0)
System memory in use before: 85.5 MB.
System memory in use after: 85.5 MB.

Unloading 12 unused Assets to reduce memory usage. Loaded Objects now: 2294.
Total: 3.260100 ms (FindLiveObjects: 0.431000 ms CreateObjectMapping: 0.118300 ms MarkObjects: 2.541000 ms  DeleteObjects: 0.166500 ms)

========================================================================
Received Import Request.
  Time since last request: 76.792656 seconds.
  path: Assets/Scripts/UIManager.cs
  artifactKey: Guid(e5851d7460776a240a75b4434772e410) Importer(815301076,1909f56bfc062723c751e8b465ee728b)
Start importing Assets/Scripts/UIManager.cs using Guid(e5851d7460776a240a75b4434772e410) Importer(815301076,1909f56bfc062723c751e8b465ee728b)  -> (artifact id: 'aa773595d8573f7a53bdcc34e8d5fa0d') in 0.014788 seconds
  Import took 0.018795 seconds .

========================================================================
Received Prepare
Registering precompiled user dll's ...
Registered in 0.001561 seconds.
Begin MonoManager ReloadAssembly
Native extension for WindowsStandalone target not found
Native extension for OSXStandalone target not found
Native extension for WebGL target not found
Refreshing native plugins compatible for Editor in 0.96 ms, found 1 plugins.
Preloading 0 native plugins for Editor in 0.00 ms.
Mono: successfully reloaded assembly
- Completed reload, in  2.426 seconds
Platform modules already initialized, skipping
Refreshing native plugins compatible for Editor in 3.47 ms, found 1 plugins.
Preloading 0 native plugins for Editor in 0.00 ms.
Unloading 1809 Unused Serialized files (Serialized files now loaded: 0)
System memory in use before: 85.5 MB.
System memory in use after: 85.5 MB.

Unloading 12 unused Assets to reduce memory usage. Loaded Objects now: 2298.
Total: 8.077200 ms (FindLiveObjects: 0.729700 ms CreateObjectMapping: 0.233000 ms MarkObjects: 6.853300 ms  DeleteObjects: 0.258400 ms)

========================================================================
Received Prepare
Registering precompiled user dll's ...
Registered in 0.001428 seconds.
Begin MonoManager ReloadAssembly
Native extension for WindowsStandalone target not found
Native extension for OSXStandalone target not found
Native extension for WebGL target not found
Refreshing native plugins compatible for Editor in 0.82 ms, found 1 plugins.
Preloading 0 native plugins for Editor in 0.00 ms.
Mono: successfully reloaded assembly
- Completed reload, in  2.297 seconds
Platform modules already initialized, skipping
Refreshing native plugins compatible for Editor in 0.86 ms, found 1 plugins.
Preloading 0 native plugins for Editor in 0.00 ms.
Unloading 1809 Unused Serialized files (Serialized files now loaded: 0)
System memory in use before: 85.5 MB.
System memory in use after: 85.5 MB.

Unloading 12 unused Assets to reduce memory usage. Loaded Objects now: 2302.
Total: 3.775400 ms (FindLiveObjects: 0.324400 ms CreateObjectMapping: 0.094300 ms MarkObjects: 3.154400 ms  DeleteObjects: 0.200500 ms)

========================================================================
Received Import Request.
  Time since last request: 96.545255 seconds.
  path: Assets/Scenes/2Player.unity
  artifactKey: Guid(fd5b1f4cad0005a4f94704b26b3b8aef) Importer(815301076,1909f56bfc062723c751e8b465ee728b)
Start importing Assets/Scenes/2Player.unity using Guid(fd5b1f4cad0005a4f94704b26b3b8aef) Importer(815301076,1909f56bfc062723c751e8b465ee728b)  -> (artifact id: 'd14116ff182824825218e54e6cf096cd') in 0.025274 seconds
  Import took 0.029644 seconds .

========================================================================
Received Prepare
Refreshing native plugins compatible for Editor in 2.06 ms, found 1 plugins.
Preloading 0 native plugins for Editor in 0.00 ms.
Unloading 10 Unused Serialized files (Serialized files now loaded: 0)
System memory in use before: 50.0 MB.
System memory in use after: 50.0 MB.

Unloading 10 unused Assets to reduce memory usage. Loaded Objects now: 2302.
Total: 15.328500 ms (FindLiveObjects: 0.827100 ms CreateObjectMapping: 0.348700 ms MarkObjects: 13.934400 ms  DeleteObjects: 0.213400 ms)

========================================================================
Received Import Request.
  Time since last request: 494.254107 seconds.
  path: Assets/Prefabs/MassBurnerFood.prefab
  artifactKey: Guid(2993b3c172b17784881d2405cdbe16e4) Importer(815301076,1909f56bfc062723c751e8b465ee728b)
Start importing Assets/Prefabs/MassBurnerFood.prefab using Guid(2993b3c172b17784881d2405cdbe16e4) Importer(815301076,1909f56bfc062723c751e8b465ee728b)  -> (artifact id: '7fd1b77401e414ebd8ef62373257a1b8') in 0.441472 seconds
  Import took 0.446915 seconds .

========================================================================
Received Import Request.
  Time since last request: 0.000255 seconds.
  path: Assets/Prefabs/MassGainerFood.prefab
  artifactKey: Guid(ae807082815b91345b721af6f58b926d) Importer(815301076,1909f56bfc062723c751e8b465ee728b)
Start importing Assets/Prefabs/MassGainerFood.prefab using Guid(ae807082815b91345b721af6f58b926d) Importer(815301076,1909f56bfc062723c751e8b465ee728b)  -> (artifact id: 'ef717e998473ec5ba7d06133221e254a') in 0.058430 seconds
  Import took 0.069424 seconds .

========================================================================
Received Import Request.
  Time since last request: 0.000644 seconds.
  path: Assets/Prefabs/ScoreBosster.prefab
  artifactKey: Guid(4c3f1240004384645a8f8d406488a96b) Importer(815301076,1909f56bfc062723c751e8b465ee728b)
Start importing Assets/Prefabs/ScoreBosster.prefab using Guid(4c3f1240004384645a8f8d406488a96b) Importer(815301076,1909f56bfc062723c751e8b465ee728b)  -> (artifact id: '8d009f3a40359a3f3dba7ee3036b99d6') in 0.050794 seconds
  Import took 0.057163 seconds .

========================================================================
Received Import Request.
  Time since last request: 0.000301 seconds.
  path: Assets/Prefabs/Shield.prefab
  artifactKey: Guid(9ac48479a05f1cf4298ec5472423ba2e) Importer(815301076,1909f56bfc062723c751e8b465ee728b)
Start importing Assets/Prefabs/Shield.prefab using Guid(9ac48479a05f1cf4298ec5472423ba2e) Importer(815301076,1909f56bfc062723c751e8b465ee728b)  -> (artifact id: '1ef5d120187c6a4c497a8b5a67ce2073') in 0.032237 seconds
  Import took 0.039101 seconds .

========================================================================
Received Import Request.
  Time since last request: 0.010773 seconds.
  path: Assets/Prefabs/Shield.prefab
  artifactKey: Guid(9ac48479a05f1cf4298ec5472423ba2e) Importer(815301076,1909f56bfc062723c751e8b465ee728b)
Start importing Assets/Prefabs/Shield.prefab using Guid(9ac48479a05f1cf4298ec5472423ba2e) Importer(815301076,1909f56bfc062723c751e8b465ee728b)  -> (artifact id: '1ef5d120187c6a4c497a8b5a67ce2073') in 0.299872 seconds
  Import took 0.310136 seconds .

========================================================================
Received Prepare
Registering precompiled user dll's ...
Registered in 0.004736 seconds.
Begin MonoManager ReloadAssembly
Native extension for WindowsStandalone target not found
Native extension for OSXStandalone target not found
Native extension for WebGL target not found
Refreshing native plugins compatible for Editor in 1.42 ms, found 1 plugins.
Preloading 0 native plugins for Editor in 0.00 ms.
Mono: successfully reloaded assembly
- Completed reload, in  3.606 seconds
Platform modules already initialized, skipping
Refreshing native plugins compatible for Editor in 0.88 ms, found 1 plugins.
Preloading 0 native plugins for Editor in 0.00 ms.
Unloading 1809 Unused Serialized files (Serialized files now loaded: 0)
System memory in use before: 88.7 MB.
System memory in use after: 88.6 MB.

Unloading 12 unused Assets to reduce memory usage. Loaded Objects now: 2313.
Total: 3.286600 ms (FindLiveObjects: 0.277400 ms CreateObjectMapping: 0.059400 ms MarkObjects: 2.760700 ms  DeleteObjects: 0.187400 ms)

========================================================================
Received Import Request.
  Time since last request: 87.691284 seconds.
  path: Assets/Prefabs/MassGainerFood.prefab
  artifactKey: Guid(ae807082815b91345b721af6f58b926d) Importer(815301076,1909f56bfc062723c751e8b465ee728b)
Start importing Assets/Prefabs/MassGainerFood.prefab using Guid(ae807082815b91345b721af6f58b926d) Importer(815301076,1909f56bfc062723c751e8b465ee728b)  -> (artifact id: '29bf1e805a12c8f777366d8280aa3910') in 0.075244 seconds
  Import took 0.080094 seconds .

========================================================================
Received Prepare
Registering precompiled user dll's ...
Registered in 0.001437 seconds.
Begin MonoManager ReloadAssembly
Native extension for WindowsStandalone target not found
Native extension for OSXStandalone target not found
Native extension for WebGL target not found
Refreshing native plugins compatible for Editor in 0.64 ms, found 1 plugins.
Preloading 0 native plugins for Editor in 0.00 ms.
Mono: successfully reloaded assembly
- Completed reload, in  2.391 seconds
Platform modules already initialized, skipping
Refreshing native plugins compatible for Editor in 0.97 ms, found 1 plugins.
Preloading 0 native plugins for Editor in 0.00 ms.
Unloading 1809 Unused Serialized files (Serialized files now loaded: 0)
System memory in use before: 88.7 MB.
System memory in use after: 88.7 MB.

Unloading 12 unused Assets to reduce memory usage. Loaded Objects now: 2318.
Total: 4.931100 ms (FindLiveObjects: 0.362200 ms CreateObjectMapping: 0.095300 ms MarkObjects: 4.275000 ms  DeleteObjects: 0.196600 ms)

========================================================================
Received Prepare
Registering precompiled user dll's ...
Registered in 0.005666 seconds.
Begin MonoManager ReloadAssembly
Native extension for WindowsStandalone target not found
Native extension for OSXStandalone target not found
Native extension for WebGL target not found
Refreshing native plugins compatible for Editor in 1.63 ms, found 1 plugins.
Preloading 0 native plugins for Editor in 0.00 ms.
Mono: successfully reloaded assembly
- Completed reload, in  2.517 seconds
Platform modules already initialized, skipping
Refreshing native plugins compatible for Editor in 0.98 ms, found 1 plugins.
Preloading 0 native plugins for Editor in 0.00 ms.
Unloading 1809 Unused Serialized files (Serialized files now loaded: 0)
System memory in use before: 88.7 MB.
System memory in use after: 88.7 MB.

Unloading 12 unused Assets to reduce memory usage. Loaded Objects now: 2322.
Total: 3.660100 ms (FindLiveObjects: 0.360000 ms CreateObjectMapping: 0.071400 ms MarkObjects: 3.026000 ms  DeleteObjects: 0.197500 ms)

========================================================================
Received Prepare
Refreshing native plugins compatible for Editor in 3.08 ms, found 1 plugins.
Preloading 0 native plugins for Editor in 0.00 ms.
Unloading 10 Unused Serialized files (Serialized files now loaded: 0)
System memory in use before: 53.1 MB.
System memory in use after: 53.1 MB.

Unloading 10 unused Assets to reduce memory usage. Loaded Objects now: 2322.
Total: 4.855100 ms (FindLiveObjects: 0.702100 ms CreateObjectMapping: 0.278600 ms MarkObjects: 3.670500 ms  DeleteObjects: 0.201700 ms)

AssetImportWorkerClient::OnTransportError - code=2 error=End of file
